Using pre-set license

 COMMAND LINE ARGUMENTS:
/Users/kimyumin/Downloads/Unity2021/2020.3.14f1/Unity.app/Contents/MacOS/Unity
-adb2
-batchMode
-noUpm
-name
AssetImportWorker0
-projectPath
/Users/kimyumin/Downloads/Linker/Linker_unity_git/LINKER_UNITY/LINKER_EGGCATION
-logFile
Logs/AssetImportWorker0.log
-srvPort
55426
Successfully changed project path to: /Users/kimyumin/Downloads/Linker/Linker_unity_git/LINKER_UNITY/LINKER_EGGCATION
/Users/kimyumin/Downloads/Linker/Linker_unity_git/LINKER_UNITY/LINKER_EGGCATION
Using Asset Import Pipeline V2.
Refreshing native plugins compatible for Editor in 181.33 ms, found 6 plugins.
Preloading 0 native plugins for Editor in 0.00 ms.
Initialize engine version: 2020.3.14f1 (d0d1bb862f9d)
[Subsystems] Discovering subsystems at path /Users/kimyumin/Downloads/Unity2021/2020.3.14f1/Unity.app/Contents/Resources/UnitySubsystems
[Subsystems] Discovering subsystems at path /Users/kimyumin/Downloads/Linker/Linker_unity_git/LINKER_UNITY/LINKER_EGGCATION/Assets
GfxDevice: creating device client; threaded=0
2021-08-12 19:07:21.085 Unity[4969:189212] Color LCD preferred device: Intel(R) UHD Graphics 630 (low power)
2021-08-12 19:07:21.085 Unity[4969:189212] Metal devices available: 2
2021-08-12 19:07:21.085 Unity[4969:189212] 0: AMD Radeon Pro 560X (high power)
2021-08-12 19:07:21.085 Unity[4969:189212] 1: Intel(R) UHD Graphics 630 (low power)
2021-08-12 19:07:21.085 Unity[4969:189212] Using device AMD Radeon Pro 560X (high power)
Initializing Metal device caps: AMD Radeon Pro 560X
Initialize mono
Mono path[0] = '/Users/kimyumin/Downloads/Unity2021/2020.3.14f1/Unity.app/Contents/Managed'
Mono path[1] = '/Users/kimyumin/Downloads/Unity2021/2020.3.14f1/Unity.app/Contents/MonoBleedingEdge/lib/mono/unityjit'
Mono config path = '/Users/kimyumin/Downloads/Unity2021/2020.3.14f1/Unity.app/Contents/MonoBleedingEdge/etc'
Using monoOptions --debugger-agent=transport=dt_socket,embedding=1,server=y,suspend=n,address=127.0.0.1:56969
Begin MonoManager ReloadAssembly
Registering precompiled unity dll's ...
Register platform support module: /Users/kimyumin/Downloads/Unity2021/2020.3.14f1/Unity.app/Contents/PlaybackEngines/MacStandaloneSupport/UnityEditor.OSXStandalone.Extensions.dll
Registered in 0.002770 seconds.
Native extension for OSXStandalone target not found
Refreshing native plugins compatible for Editor in 102.95 ms, found 6 plugins.
Preloading 0 native plugins for Editor in 0.00 ms.
Mono: successfully reloaded assembly
- Completed reload, in  3.091 seconds
Domain Reload Profiling:
	ReloadAssembly (3091ms)
		BeginReloadAssembly (55ms)
			ExecutionOrderSort (0ms)
			DisableScriptedObjects (0ms)
			BackupInstance (0ms)
			ReleaseScriptingObjects (0ms)
			CreateAndSetChildDomain (1ms)
		EndReloadAssembly (585ms)
			LoadAssemblies (54ms)
			RebuildTransferFunctionScriptingTraits (0ms)
			SetupTypeCache (236ms)
			ReleaseScriptCaches (0ms)
			RebuildScriptCaches (41ms)
			SetupLoadedEditorAssemblies (248ms)
				LogAssemblyErrors (0ms)
				InitializePlatformSupportModulesInManaged (4ms)
				SetLoadedEditorAssemblies (0ms)
				RefreshPlugins (103ms)
				BeforeProcessingInitializeOnLoad (6ms)
				ProcessInitializeOnLoadAttributes (101ms)
				ProcessInitializeOnLoadMethodAttributes (35ms)
				AfterProcessingInitializeOnLoad (0ms)
				EditorAssembliesLoaded (0ms)
			ExecutionOrderSort2 (0ms)
			AwakeInstancesAfterBackupRestoration (0ms)
Platform modules already initialized, skipping
Registering precompiled user dll's ...
Registered in 0.028703 seconds.
Begin MonoManager ReloadAssembly
Symbol file LoadedFromMemory doesn't match image /Users/kimyumin/Downloads/Linker/Linker_unity_git/LINKER_UNITY/LINKER_EGGCATION/Library/PackageCache/com.unity.visualscripting@1.6.1/Editor/VisualScripting.Core/Dependencies/DotNetZip/Unity.VisualScripting.IonicZip.dll
Symbol file LoadedFromMemory doesn't match image /Users/kimyumin/Downloads/Linker/Linker_unity_git/LINKER_UNITY/LINKER_EGGCATION/Library/PackageCache/com.unity.visualscripting@1.6.1/Editor/VisualScripting.Core/Dependencies/YamlDotNet/Unity.VisualScripting.YamlDotNet.dll
Native extension for OSXStandalone target not found
Refreshing native plugins compatible for Editor in 1.25 ms, found 6 plugins.
Preloading 0 native plugins for Editor in 0.00 ms.
Mono: successfully reloaded assembly
- Completed reload, in  1.557 seconds
Domain Reload Profiling:
	ReloadAssembly (1558ms)
		BeginReloadAssembly (169ms)
			ExecutionOrderSort (0ms)
			DisableScriptedObjects (5ms)
			BackupInstance (0ms)
			ReleaseScriptingObjects (0ms)
			CreateAndSetChildDomain (33ms)
		EndReloadAssembly (1320ms)
			LoadAssemblies (165ms)
			RebuildTransferFunctionScriptingTraits (0ms)
			SetupTypeCache (505ms)
			ReleaseScriptCaches (1ms)
			RebuildScriptCaches (77ms)
			SetupLoadedEditorAssemblies (458ms)
				LogAssemblyErrors (0ms)
				InitializePlatformSupportModulesInManaged (5ms)
				SetLoadedEditorAssemblies (1ms)
				RefreshPlugins (1ms)
				BeforeProcessingInitializeOnLoad (95ms)
				ProcessInitializeOnLoadAttributes (309ms)
				ProcessInitializeOnLoadMethodAttributes (45ms)
				AfterProcessingInitializeOnLoad (1ms)
				EditorAssembliesLoaded (0ms)
			ExecutionOrderSort2 (0ms)
			AwakeInstancesAfterBackupRestoration (7ms)
Platform modules already initialized, skipping
========================================================================
Worker process is ready to serve import requests
Launching external process: /Users/kimyumin/Downloads/Unity2021/2020.3.14f1/Unity.app/Contents/Tools/UnityShaderCompiler
Launched and connected shader compiler UnityShaderCompiler after 0.02 seconds
Refreshing native plugins compatible for Editor in 1.53 ms, found 6 plugins.
Preloading 0 native plugins for Editor in 0.00 ms.
Unloading 4049 Unused Serialized files (Serialized files now loaded: 0)
System memory in use before: 250.9 MB.
System memory in use after: 251.2 MB.

Unloading 123 unused Assets to reduce memory usage. Loaded Objects now: 4394.
Total: 6.785693 ms (FindLiveObjects: 0.422375 ms CreateObjectMapping: 0.225985 ms MarkObjects: 5.999822 ms  DeleteObjects: 0.136012 ms)

AssetImportParameters requested are different than current active one (requested -> active):
  custom:video-decoder-ogg-theora: a1e56fd34408186e4bbccfd4996cb3dc -> 
  custom:container-muxer-webm: aa71ff27fc2769a1b78a27578f13a17b -> 
  custom:container-demuxer-webm: 4f35f7cbe854078d1ac9338744f61a02 -> 
  custom:container-demuxer-ogg: 62fdf1f143b41e24485cea50d1cbac27 -> 
  custom:video-encoder-webm-vp8: eb34c28f22e8b96e1ab97ce403110664 -> 
  custom:framework-osx-AVFoundation: e770b220cccbd017edd2c1fefb359320 -> 
  custom:video-decoder-webm-vp8: 9c59270c3fd7afecdb556c50c9e8de78 -> 
  custom:audio-decoder-ogg-vorbis: bf7c407c2cedff20999df2af8eb42d56 -> 
  custom:audio-encoder-webm-vorbis: bf7c407c2cedff20999df2af8eb42d56 -> 
========================================================================
Received Import Request.
  path: Assets/Resources/3D objects/_.fbx
  artifactKey: Guid(f9b05737cd2414351a355ea891c32e5d) Importer(815301076,1909f56bfc062723c751e8b465ee728b)
Start importing Assets/Resources/3D objects/_.fbx using Guid(f9b05737cd2414351a355ea891c32e5d) Importer(815301076,1909f56bfc062723c751e8b465ee728b)  -> (artifact id: '8a9a51fb958101751dde079515358d29') in 1.438021 seconds 
  Import took 1.445148 seconds .

========================================================================
Received Import Request.
  Time since last request: 0.000245 seconds.
  path: Assets/Resources/3D objects/good.fbx
  artifactKey: Guid(a2e16c9b05c6a4dc3a9989e0e4c16b93) Importer(815301076,1909f56bfc062723c751e8b465ee728b)
Start importing Assets/Resources/3D objects/good.fbx using Guid(a2e16c9b05c6a4dc3a9989e0e4c16b93) Importer(815301076,1909f56bfc062723c751e8b465ee728b)  -> (artifact id: 'c3f2327976ba4bcb4d15d0b9239f93f9') in 0.047054 seconds 
  Import took 0.054722 seconds .

========================================================================
Received Import Request.
  Time since last request: 0.000262 seconds.
  path: Assets/Resources/3D objects/!.fbx
  artifactKey: Guid(5061ae33e42704dd3be03760e472f5a1) Importer(815301076,1909f56bfc062723c751e8b465ee728b)
Start importing Assets/Resources/3D objects/!.fbx using Guid(5061ae33e42704dd3be03760e472f5a1) Importer(815301076,1909f56bfc062723c751e8b465ee728b)  -> (artifact id: '133a54e50b8c969ac9c21390191ffebf') in 0.058718 seconds 
  Import took 0.066660 seconds .

========================================================================
Received Import Request.
  Time since last request: 496.587299 seconds.
  path: Assets/Resources/3D objects/qustion mark.fbx
  artifactKey: Guid(f9b05737cd2414351a355ea891c32e5d) Importer(815301076,1909f56bfc062723c751e8b465ee728b)
Start importing Assets/Resources/3D objects/qustion mark.fbx using Guid(f9b05737cd2414351a355ea891c32e5d) Importer(815301076,1909f56bfc062723c751e8b465ee728b)  -> (artifact id: 'dd1a87f7b84349f62e67c9e5ed2fb62b') in 0.054036 seconds 
  Import took 0.061651 seconds .

========================================================================
Received Import Request.
  Time since last request: 4.267765 seconds.
  path: Assets/Resources/3D objects/question mark.fbx
  artifactKey: Guid(f9b05737cd2414351a355ea891c32e5d) Importer(815301076,1909f56bfc062723c751e8b465ee728b)
Start importing Assets/Resources/3D objects/question mark.fbx using Guid(f9b05737cd2414351a355ea891c32e5d) Importer(815301076,1909f56bfc062723c751e8b465ee728b)  -> (artifact id: '22f81337570aebf8f3a2f56ac04f9d6a') in 0.063456 seconds 
  Import took 0.071165 seconds .

========================================================================
Received Import Request.
  Time since last request: 18.813235 seconds.
  path: Assets/Resources/3D objects/exclamation mark.fbx
  artifactKey: Guid(5061ae33e42704dd3be03760e472f5a1) Importer(815301076,1909f56bfc062723c751e8b465ee728b)
Start importing Assets/Resources/3D objects/exclamation mark.fbx using Guid(5061ae33e42704dd3be03760e472f5a1) Importer(815301076,1909f56bfc062723c751e8b465ee728b)  -> (artifact id: '6586dc331ad3ff678207f42e6a899df6') in 0.069227 seconds 
  Import took 0.076482 seconds .

AssetImportWorkerClient::OnTransportError - code=2 error=End of file
